2026-06-19 17:49:44 | INFO     | app.email | 
╔══════════════════════════════════════════════════════════════╗
║  📧  MOCK EMAIL                                               ║
╠══════════════════════════════════════════════════════════════╣
║  Time:    2026-06-19 10:49:44 UTC
║  To:      owner@example.com
║  Subject: Новая заявка с лендинга
╟──────────────────────────────────────────────────────────────╢
║  Новая заявка с лендинга:
║   • Имя:        Иван Петров
║   • Телефон:    +7 999 888 77-66
║   • Email:      ivan@example.com
║   • Комментарий: Нужен лендинг на React.
║  ── AI анализ (success) ──
║   • Тональность: neutral
║   • Категория:   frontend
║   • Черновик:    Спасибо за обращение! Мы можем помочь вам разработать лендинг на React. Пожалуйста, уточните ваши требования и сроки.
╚══════════════════════════════════════════════════════════════╝
2026-06-19 17:49:44 | INFO     | app.email | 
╔══════════════════════════════════════════════════════════════╗
║  📧  MOCK EMAIL                                               ║
╠══════════════════════════════════════════════════════════════╣
║  Time:    2026-06-19 10:49:44 UTC
║  To:      ivan@example.com
║  Subject: Ваша заявка принята
╟──────────────────────────────────────────────────────────────╢
║  Здравствуйте, Иван Петров!
║  Спасибо за заявку — я свяжусь с вами в ближайшее время.
║  ── Предварительный ответ ──
║  Спасибо за обращение! Мы можем помочь вам разработать лендинг на React. Пожалуйста, уточните ваши требования и сроки.
╚══════════════════════════════════════════════════════════════╝
2026-06-19 18:16:10 | INFO     | app.email | 
╔══════════════════════════════════════════════════════════════╗
║  📧  MOCK EMAIL                                               ║
╠══════════════════════════════════════════════════════════════╣
║  Time:    2026-06-19 11:16:10 UTC
║  To:      owner@example.com
║  Subject: Новая заявка с лендинга
╟──────────────────────────────────────────────────────────────╢
║  Новая заявка с лендинга:
║   • Имя:        Макс
║   • Телефон:    +7 985 278 52-57
║   • Email:      ivan@masdasd.com
║   • Комментарий: Хочу крутой и стильный сайт ! на 1000 товаров для продаж.
║  ── AI анализ (success) ──
║   • Тональность: positive
║   • Категория:   frontend
║   • Черновик:    Спасибо за обращение! Мы можем помочь вам создать стильный и функциональный сайт для продажи товаров. Пожалуйста, расскажите подробнее о ваших пожеланиях и требованиях к сайту.
╚══════════════════════════════════════════════════════════════╝
2026-06-19 18:16:10 | INFO     | app.email | 
╔══════════════════════════════════════════════════════════════╗
║  📧  MOCK EMAIL                                               ║
╠══════════════════════════════════════════════════════════════╣
║  Time:    2026-06-19 11:16:10 UTC
║  To:      ivan@masdasd.com
║  Subject: Ваша заявка принята
╟──────────────────────────────────────────────────────────────╢
║  Здравствуйте, Макс!
║  Спасибо за заявку — я свяжусь с вами в ближайшее время.
║  ── Предварительный ответ ──
║  Спасибо за обращение! Мы можем помочь вам создать стильный и функциональный сайт для продажи товаров. Пожалуйста, расскажите подробнее о ваших пожеланиях и требованиях к сайту.
╚══════════════════════════════════════════════════════════════╝
2026-06-19 18:20:35 | INFO     | app.email | 
╔══════════════════════════════════════════════════════════════╗
║  📧  MOCK EMAIL                                               ║
╠══════════════════════════════════════════════════════════════╣
║  Time:    2026-06-19 11:20:35 UTC
║  To:      owner@example.com
║  Subject: Новая заявка с лендинга
╟──────────────────────────────────────────────────────────────╢
║  Новая заявка с лендинга:
║   • Имя:        Maksim
║   • Телефон:    +7 985 278 52-56
║   • Email:      ivan@masdasd.com
║   • Комментарий: Можно сделать крутой сайт !
║  ── AI анализ (success) ──
║   • Тональность: positive
║   • Категория:   frontend
║   • Черновик:    Спасибо за обращение! Мы можем создать для вас уникальный и функциональный сайт. Расскажите подробнее о ваших пожеланиях и требованиях, чтобы мы могли предложить вам наилучшее решение.
╚══════════════════════════════════════════════════════════════╝
2026-06-19 18:20:35 | INFO     | app.email | 
╔══════════════════════════════════════════════════════════════╗
║  📧  MOCK EMAIL                                               ║
╠══════════════════════════════════════════════════════════════╣
║  Time:    2026-06-19 11:20:35 UTC
║  To:      ivan@masdasd.com
║  Subject: Ваша заявка принята
╟──────────────────────────────────────────────────────────────╢
║  Здравствуйте, Maksim!
║  Спасибо за заявку — я свяжусь с вами в ближайшее время.
║  ── Предварительный ответ ──
║  Спасибо за обращение! Мы можем создать для вас уникальный и функциональный сайт. Расскажите подробнее о ваших пожеланиях и требованиях, чтобы мы могли предложить вам наилучшее решение.
╚══════════════════════════════════════════════════════════════╝
2026-06-19 18:28:37 | INFO     | app.email | 
╔══════════════════════════════════════════════════════════════╗
║  📧  MOCK EMAIL                                               ║
╠══════════════════════════════════════════════════════════════╣
║  Time:    2026-06-19 11:28:37 UTC
║  To:      owner@example.com
║  Subject: Новая заявка с лендинга
╟──────────────────────────────────────────────────────────────╢
║  Новая заявка с лендинга:
║   • Имя:        Макс
║   • Телефон:    +7 985 278 52-56
║   • Email:      ifan@masdasd.com
║   • Комментарий: Хочу крутой сайт с бегущей строкой и плавные анимации при прокрутке
║  ── AI анализ (fallback) ──
║   • Тональность: neutral
║   • Категория:   consulting
║   • Черновик:    Спасибо за обращение! Я получил вашу заявку и свяжусь с вами в ближайшее время, чтобы обсудить детали.
╚══════════════════════════════════════════════════════════════╝
2026-06-19 18:28:37 | INFO     | app.email | 
╔══════════════════════════════════════════════════════════════╗
║  📧  MOCK EMAIL                                               ║
╠══════════════════════════════════════════════════════════════╣
║  Time:    2026-06-19 11:28:37 UTC
║  To:      ifan@masdasd.com
║  Subject: Ваша заявка принята
╟──────────────────────────────────────────────────────────────╢
║  Здравствуйте, Макс!
║  Спасибо за заявку — я свяжусь с вами в ближайшее время.
║  ── Предварительный ответ ──
║  Спасибо за обращение! Я получил вашу заявку и свяжусь с вами в ближайшее время, чтобы обсудить детали.
╚══════════════════════════════════════════════════════════════╝
